[0.508s] Invoking command in '/home/eleclabs/ros2_ws/src/robonav': PYTHONPATH=/home/eleclabs/ros2_ws/build/robonav/prefix_override:/usr/lib/python3/dist-packages/colcon_core/task/python/colcon_distutils_commands:/home/eleclabs/ros2_ws/install/robonav/lib/python3.10/site-packages:${PYTHONPATH} /usr/bin/python3 -W ignore:setup.py install is deprecated -W ignore:easy_install command is deprecated setup.py egg_info --egg-base ../../build/robonav build --build-base /home/eleclabs/ros2_ws/build/robonav/build install --record /home/eleclabs/ros2_ws/build/robonav/install.log --single-version-externally-managed install_data
[0.698s] running egg_info
[0.698s] writing ../../build/robonav/robonav.egg-info/PKG-INFO
[0.698s] writing dependency_links to ../../build/robonav/robonav.egg-info/dependency_links.txt
[0.699s] writing entry points to ../../build/robonav/robonav.egg-info/entry_points.txt
[0.699s] writing requirements to ../../build/robonav/robonav.egg-info/requires.txt
[0.699s] writing top-level names to ../../build/robonav/robonav.egg-info/top_level.txt
[0.700s] reading manifest file '../../build/robonav/robonav.egg-info/SOURCES.txt'
[0.701s] writing manifest file '../../build/robonav/robonav.egg-info/SOURCES.txt'
[0.701s] running build
[0.701s] running build_py
[0.701s] copying robonav/robot_core.py -> /home/eleclabs/ros2_ws/build/robonav/build/lib/robonav
[0.701s] running install
[0.702s] running install_lib
[0.702s] copying /home/eleclabs/ros2_ws/build/robonav/build/lib/robonav/robot_core.py -> /home/eleclabs/ros2_ws/install/robonav/lib/python3.10/site-packages/robonav
[0.703s] byte-compiling /home/eleclabs/ros2_ws/install/robonav/lib/python3.10/site-packages/robonav/robot_core.py to robot_core.cpython-310.pyc
[0.704s] running install_data
[0.704s] running install_egg_info
[0.706s] removing '/home/eleclabs/ros2_ws/install/robonav/lib/python3.10/site-packages/robonav-0.0.0-py3.10.egg-info' (and everything under it)
[0.706s] Copying ../../build/robonav/robonav.egg-info to /home/eleclabs/ros2_ws/install/robonav/lib/python3.10/site-packages/robonav-0.0.0-py3.10.egg-info
[0.707s] running install_scripts
[0.721s] Installing robot_core_node script to /home/eleclabs/ros2_ws/install/robonav/lib/robonav
[0.721s] writing list of installed files to '/home/eleclabs/ros2_ws/build/robonav/install.log'
[0.744s] Invoked command in '/home/eleclabs/ros2_ws/src/robonav' returned '0': PYTHONPATH=/home/eleclabs/ros2_ws/build/robonav/prefix_override:/usr/lib/python3/dist-packages/colcon_core/task/python/colcon_distutils_commands:/home/eleclabs/ros2_ws/install/robonav/lib/python3.10/site-packages:${PYTHONPATH} /usr/bin/python3 -W ignore:setup.py install is deprecated -W ignore:easy_install command is deprecated setup.py egg_info --egg-base ../../build/robonav build --build-base /home/eleclabs/ros2_ws/build/robonav/build install --record /home/eleclabs/ros2_ws/build/robonav/install.log --single-version-externally-managed install_data
